<?xml version="1.0" encoding="UTF-8"?>
<!-- Generated by org.testng.reporters.JUnitReportReporter -->
<testsuite hostname="DESKTOP-I7U672O" failures="0" tests="2" name="practice_maven.CreateTest" time="0.031" errors="0" timestamp="2023-01-18T12:52:02 IST" skipped="0">
  <testcase classname="practice_maven.CreateTest" name="edit" time="0.009"/>
  <system-out/>
  <testcase classname="practice_maven.CreateTest" name="Create" time="0.022"/>
  <system-out/>
</testsuite> <!-- practice_maven.CreateTest -->
