<?xml version="1.0" encoding="UTF-8"?>
<!-- Generated by org.testng.reporters.JUnitReportReporter -->
<testsuite hostname="DESKTOP-I7U672O" failures="0" tests="1" name="practice_maven.SampleTest1" time="0.009" errors="0" timestamp="2023-01-18T12:52:02 IST" skipped="0">
  <testcase classname="practice_maven.SampleTest1" name="createTest" time="0.009"/>
  <system-out/>
</testsuite> <!-- practice_maven.SampleTest1 -->
