<?xml version="1.0" encoding="UTF-8"?>
<!-- Generated by org.testng.reporters.JUnitReportReporter -->
<testsuite hostname="DESKTOP-I7U672O" failures="0" tests="2" name="practice_maven.UpdateTest" time="0.018" errors="0" timestamp="2023-01-18T12:52:02 IST" skipped="0">
  <testcase classname="practice_maven.UpdateTest" name="deleted" time="0.009"/>
  <system-out/>
  <testcase classname="practice_maven.UpdateTest" name="update" time="0.009"/>
  <system-out/>
</testsuite> <!-- practice_maven.UpdateTest -->
